<?xml version="1.0" encoding="UTF-8"?>
<!-- Generated by org.testng.reporters.JUnitReportReporter -->
<testsuite hostname="DESKTOP-VIBFE1E" failures="0" tests="1" name="tests.registrationTest" time="10.226" errors="0" timestamp="2024-03-05T15:16:32 MEZ" skipped="0">
  <testcase classname="tests.registrationTest" name="enterRegistrationDetails" time="10.226"/>
</testsuite> <!-- tests.registrationTest -->
